16.3352 	EXP 	window1: mouseVisible = True
16.4013 	EXP 	Created waiting_for_trigger_text = TextStim(__class__=<class 'psychopy.visual.text.TextStim'>, alignHoriz=method-wrapper(...), alignText='center', alignVert=method-wrapper(...), anchorHoriz='center', anchorVert='center', antialias=True, autoDraw=False, autoLog=True, bold=False, color=array([1., 1., 1.]), colorSpace='rgb', contrast=1.0, depth=0.0, draggable=False, flipHoriz=False, flipVert=False, font='Open Sans', fontFiles=[], height=0.1, italic=False, languageStyle='LTR', name='waiting_for_trigger_text', opacity=1.0, ori=0.0, pos=array([0., 0.]), rgb=UNKNOWN, text='Waiting for trigger (t)...', units='pix', win=Window(...), wrapWidth=500)
16.4015 	EXP 	window1: mouseVisible = True
16.4030 	EXP 	Created countdown = TextStim(__class__=<class 'psychopy.visual.text.TextStim'>, alignHoriz=method-wrapper(...), alignText='center', alignVert=method-wrapper(...), anchorHoriz='center', anchorVert='center', antialias=True, autoDraw=False, autoLog=True, bold=False, color=array([1., 1., 1.]), colorSpace='rgb', contrast=1.0, depth=0.0, draggable=False, flipHoriz=False, flipVert=False, font='Open Sans', fontFiles=[], height=0.1, italic=False, languageStyle='LTR', name='countdown', opacity=1.0, ori=0.0, pos=array([0., 0.]), rgb=UNKNOWN, text='', units='pix', win=Window(...), wrapWidth=500)
16.4134 	EXP 	window1: mouseVisible = True
17.2916 	EXP 	window1: mouseVisible = True
17.5644 	EXP 	window1: mouseVisible = True
17.6902 	EXP 	window1: mouseVisible = True
17.8477 	EXP 	window1: mouseVisible = True
17.9083 	EXP 	window1: mouseVisible = True
18.0610 	EXP 	window1: mouseVisible = True
18.1196 	EXP 	window1: mouseVisible = True
18.2911 	EXP 	window1: mouseVisible = True
18.5138 	EXP 	window1: mouseVisible = True
18.6645 	EXP 	window1: mouseVisible = True
18.7814 	EXP 	window1: mouseVisible = True
18.9395 	EXP 	window1: mouseVisible = True
19.2002 	EXP 	window1: mouseVisible = True
19.3228 	EXP 	window1: mouseVisible = True
19.4502 	EXP 	window1: mouseVisible = True
19.5070 	EXP 	window1: mouseVisible = True
19.6783 	EXP 	window1: mouseVisible = True
19.7365 	EXP 	window1: mouseVisible = True
19.8800 	EXP 	window1: mouseVisible = True
20.0205 	EXP 	window1: mouseVisible = True
20.1721 	EXP 	window1: mouseVisible = True
20.3119 	EXP 	window1: mouseVisible = True
20.4598 	EXP 	window1: mouseVisible = True
20.5200 	EXP 	window1: mouseVisible = True
20.6816 	EXP 	window1: mouseVisible = True
20.9223 	EXP 	window1: mouseVisible = True
21.0393 	EXP 	window1: mouseVisible = True
21.1804 	EXP 	window1: mouseVisible = True
21.3305 	EXP 	window1: mouseVisible = True
21.4709 	EXP 	window1: mouseVisible = True
21.5295 	EXP 	window1: mouseVisible = True
21.6806 	EXP 	window1: mouseVisible = True
21.8338 	EXP 	window1: mouseVisible = True
22.0341 	EXP 	window1: mouseVisible = True
22.0918 	EXP 	window1: mouseVisible = True
22.2568 	EXP 	window1: mouseVisible = True
22.4659 	EXP 	window1: mouseVisible = True
22.6201 	EXP 	window1: mouseVisible = True
22.8748 	EXP 	window1: mouseVisible = True
23.0177 	EXP 	window1: mouseVisible = True
23.0793 	EXP 	window1: mouseVisible = True
23.3035 	EXP 	window1: mouseVisible = True
23.3608 	EXP 	window1: mouseVisible = True
23.5130 	EXP 	window1: mouseVisible = True
23.7021 	EXP 	window1: mouseVisible = True
23.8960 	EXP 	window1: mouseVisible = True
24.0464 	EXP 	window1: mouseVisible = True
24.2265 	EXP 	window1: mouseVisible = True
24.3009 	EXP 	window1: mouseVisible = True
24.5945 	EXP 	window1: mouseVisible = True
24.7344 	EXP 	window1: mouseVisible = True
25.0765 	EXP 	window1: mouseVisible = True
25.2510 	EXP 	window1: mouseVisible = True
25.3942 	EXP 	window1: mouseVisible = True
25.5103 	EXP 	window1: mouseVisible = True
25.5726 	EXP 	window1: mouseVisible = True
25.7061 	EXP 	window1: mouseVisible = True
25.7661 	EXP 	window1: mouseVisible = True
25.8924 	EXP 	window1: mouseVisible = True
26.0462 	EXP 	window1: mouseVisible = True
26.1668 	EXP 	window1: mouseVisible = True
26.2264 	EXP 	window1: mouseVisible = True
26.2607 	EXP 	Created unnamed ImageStim = ImageStim(__class__=<class 'psychopy.visual.image.ImageStim'>, anchor=('center', 'center'), autoLog=True, color=array([1., 1., 1.]), colorSpace='rgb', contrast=1.0, depth=0, draggable=False, flipHoriz=False, flipVert=False, image=str(...), interpolate=False, mask=None, maskParams=None, name='unnamed ImageStim', opacity=1.0, ori=0.0, pos=array([0., 0.]), size=array([768., 768.]), texRes=128, units='pix', win=Window(...))
26.2609 	EXP 	window1: mouseVisible = True
26.2852 	EXP 	Created unnamed ImageStim = ImageStim(__class__=<class 'psychopy.visual.image.ImageStim'>, anchor=('center', 'center'), autoLog=True, color=array([1., 1., 1.]), colorSpace='rgb', contrast=1.0, depth=0, draggable=False, flipHoriz=False, flipVert=False, image=str(...), interpolate=False, mask=None, maskParams=None, name='unnamed ImageStim', opacity=1.0, ori=0.0, pos=array([0., 0.]), size=array([768., 768.]), texRes=128, units='pix', win=Window(...))
26.2854 	EXP 	window1: mouseVisible = True
26.3161 	EXP 	Created unnamed ImageStim = ImageStim(__class__=<class 'psychopy.visual.image.ImageStim'>, anchor=('center', 'center'), autoLog=True, color=array([1., 1., 1.]), colorSpace='rgb', contrast=1.0, depth=0, draggable=False, flipHoriz=False, flipVert=False, image=str(...), interpolate=False, mask=None, maskParams=None, name='unnamed ImageStim', opacity=1.0, ori=0.0, pos=array([0., 0.]), size=array([768., 768.]), texRes=128, units='pix', win=Window(...))
26.3164 	EXP 	window1: mouseVisible = True
26.3395 	EXP 	Created unnamed ImageStim = ImageStim(__class__=<class 'psychopy.visual.image.ImageStim'>, anchor=('center', 'center'), autoLog=True, color=array([1., 1., 1.]), colorSpace='rgb', contrast=1.0, depth=0, draggable=False, flipHoriz=False, flipVert=False, image=str(...), interpolate=False, mask=None, maskParams=None, name='unnamed ImageStim', opacity=1.0, ori=0.0, pos=array([0., 0.]), size=array([768., 768.]), texRes=128, units='pix', win=Window(...))
26.3397 	EXP 	window1: mouseVisible = True
26.3692 	EXP 	Created unnamed ImageStim = ImageStim(__class__=<class 'psychopy.visual.image.ImageStim'>, anchor=('center', 'center'), autoLog=True, color=array([1., 1., 1.]), colorSpace='rgb', contrast=1.0, depth=0, draggable=False, flipHoriz=False, flipVert=False, image=str(...), interpolate=False, mask=None, maskParams=None, name='unnamed ImageStim', opacity=1.0, ori=0.0, pos=array([0., 0.]), size=array([768., 768.]), texRes=128, units='pix', win=Window(...))
26.3696 	EXP 	window1: mouseVisible = True
26.4060 	EXP 	Created unnamed ImageStim = ImageStim(__class__=<class 'psychopy.visual.image.ImageStim'>, anchor=('center', 'center'), autoLog=True, color=array([1., 1., 1.]), colorSpace='rgb', contrast=1.0, depth=0, draggable=False, flipHoriz=False, flipVert=False, image=str(...), interpolate=False, mask=None, maskParams=None, name='unnamed ImageStim', opacity=1.0, ori=0.0, pos=array([0., 0.]), size=array([768., 768.]), texRes=128, units='pix', win=Window(...))
26.4063 	EXP 	window1: mouseVisible = True
26.4392 	EXP 	Created unnamed ImageStim = ImageStim(__class__=<class 'psychopy.visual.image.ImageStim'>, anchor=('center', 'center'), autoLog=True, color=array([1., 1., 1.]), colorSpace='rgb', contrast=1.0, depth=0, draggable=False, flipHoriz=False, flipVert=False, image=str(...), interpolate=False, mask=None, maskParams=None, name='unnamed ImageStim', opacity=1.0, ori=0.0, pos=array([0., 0.]), size=array([768., 768.]), texRes=128, units='pix', win=Window(...))
26.4394 	EXP 	window1: mouseVisible = True
26.4626 	EXP 	Created unnamed ImageStim = ImageStim(__class__=<class 'psychopy.visual.image.ImageStim'>, anchor=('center', 'center'), autoLog=True, color=array([1., 1., 1.]), colorSpace='rgb', contrast=1.0, depth=0, draggable=False, flipHoriz=False, flipVert=False, image=str(...), interpolate=False, mask=None, maskParams=None, name='unnamed ImageStim', opacity=1.0, ori=0.0, pos=array([0., 0.]), size=array([768., 768.]), texRes=128, units='pix', win=Window(...))
26.4627 	EXP 	window1: mouseVisible = True
26.4852 	EXP 	Created unnamed ImageStim = ImageStim(__class__=<class 'psychopy.visual.image.ImageStim'>, anchor=('center', 'center'), autoLog=True, color=array([1., 1., 1.]), colorSpace='rgb', contrast=1.0, depth=0, draggable=False, flipHoriz=False, flipVert=False, image=str(...), interpolate=False, mask=None, maskParams=None, name='unnamed ImageStim', opacity=1.0, ori=0.0, pos=array([0., 0.]), size=array([768., 768.]), texRes=128, units='pix', win=Window(...))
26.5175 	EXP 	unnamed MovieStim: autoLog = True
26.5175 	EXP 	unnamed MovieStim: autoLog = True
26.5175 	EXP 	unnamed MovieStim: autoLog = True
26.5175 	EXP 	unnamed MovieStim: autoLog = True
26.5175 	EXP 	unnamed MovieStim: autoLog = True
26.5175 	EXP 	unnamed MovieStim: autoLog = True
26.5175 	EXP 	unnamed MovieStim: autoLog = True
26.5175 	EXP 	unnamed MovieStim: autoLog = True
26.5175 	EXP 	unnamed MovieStim: autoLog = True
26.5175 	EXP 	unnamed MovieStim: autoLog = True
26.5175 	EXP 	unnamed MovieStim: autoLog = True
26.5175 	EXP 	unnamed MovieStim: autoLog = True
26.5175 	EXP 	unnamed MovieStim: autoLog = True
26.5175 	EXP 	unnamed MovieStim: autoLog = True
26.5175 	EXP 	unnamed MovieStim: autoLog = True
26.5175 	EXP 	unnamed MovieStim: autoLog = True
26.5175 	EXP 	unnamed MovieStim: autoLog = True
26.5175 	EXP 	unnamed MovieStim: autoLog = True
26.5175 	EXP 	unnamed MovieStim: autoLog = True
26.5175 	EXP 	unnamed MovieStim: autoLog = True
26.5175 	EXP 	unnamed MovieStim: autoLog = True
26.5175 	EXP 	unnamed MovieStim: autoLog = True
26.5175 	EXP 	unnamed MovieStim: autoLog = True
26.5175 	EXP 	unnamed MovieStim: autoLog = True
26.5175 	EXP 	unnamed MovieStim: autoLog = True
26.5175 	EXP 	unnamed MovieStim: autoLog = True
26.5175 	EXP 	unnamed MovieStim: autoLog = True
26.5175 	EXP 	unnamed MovieStim: autoLog = True
26.5175 	EXP 	unnamed MovieStim: autoLog = True
26.5175 	EXP 	unnamed MovieStim: autoLog = True
26.5175 	EXP 	unnamed MovieStim: autoLog = True
26.5175 	EXP 	unnamed MovieStim: autoLog = True
26.5175 	EXP 	unnamed MovieStim: autoLog = True
26.5175 	EXP 	unnamed MovieStim: autoLog = True
26.5175 	EXP 	unnamed MovieStim: autoLog = True
26.5175 	EXP 	unnamed MovieStim: autoLog = True
26.5175 	EXP 	unnamed MovieStim: autoLog = True
26.5175 	EXP 	unnamed MovieStim: autoLog = True
26.5175 	EXP 	unnamed MovieStim: autoLog = True
26.5175 	EXP 	unnamed MovieStim: autoLog = True
26.5175 	EXP 	unnamed MovieStim: autoLog = True
26.5175 	EXP 	unnamed MovieStim: autoLog = True
26.5175 	EXP 	unnamed MovieStim: autoLog = True
26.5175 	EXP 	unnamed MovieStim: autoLog = True
26.5175 	EXP 	unnamed MovieStim: autoLog = True
26.5175 	EXP 	unnamed MovieStim: autoLog = True
26.5175 	EXP 	unnamed MovieStim: autoLog = True
26.5175 	EXP 	unnamed MovieStim: autoLog = True
26.5175 	EXP 	unnamed MovieStim: autoLog = True
26.5175 	EXP 	unnamed MovieStim: autoLog = True
26.5175 	EXP 	unnamed MovieStim: autoLog = True
26.5175 	EXP 	unnamed MovieStim: autoLog = True
26.5175 	EXP 	unnamed MovieStim: autoLog = True
26.5175 	EXP 	unnamed MovieStim: autoLog = True
26.5175 	EXP 	unnamed MovieStim: autoLog = True
26.5175 	EXP 	unnamed MovieStim: autoLog = True
26.5175 	EXP 	unnamed MovieStim: autoLog = True
26.5175 	EXP 	unnamed MovieStim: autoLog = True
26.5175 	EXP 	unnamed MovieStim: autoLog = True
26.5175 	EXP 	unnamed MovieStim: autoLog = True
26.5175 	EXP 	unnamed MovieStim: autoLog = True
26.5175 	EXP 	unnamed MovieStim: autoLog = True
26.5175 	EXP 	waiting_for_trigger_text: autoDraw = True
33.0332 	EXP 	waiting_for_trigger_text: autoDraw = False
33.0332 	EXP 	countdown: autoDraw = True
33.0332 	EXP 	countdown: height = 0.1
33.0332 	EXP 	countdown: height = 0.1
33.0332 	EXP 	countdown: height = 0.1
33.0332 	EXP 	countdown: text = ''
39.0782 	EXP 	countdown: autoDraw = False
39.0782 	EXP 	unnamed MovieStim: autoDraw = True
43.1938 	EXP 	unnamed MovieStim: autoDraw = False
43.1938 	EXP 	unnamed MovieStim: autoDraw = True
47.2142 	EXP 	unnamed MovieStim: autoDraw = False
47.2142 	EXP 	unnamed MovieStim: autoDraw = True
51.2263 	EXP 	unnamed MovieStim: autoDraw = False
51.2263 	EXP 	unnamed MovieStim: autoDraw = True
53.1026 	EXP 	window1: mouseVisible = True
