31.8013 	EXP 	window1: mouseVisible = True
31.8504 	EXP 	Created waiting_for_trigger_text = TextStim(__class__=<class 'psychopy.visual.text.TextStim'>, alignHoriz=method-wrapper(...), alignText='center', alignVert=method-wrapper(...), anchorHoriz='center', anchorVert='center', antialias=True, autoDraw=False, autoLog=True, bold=False, color=array([1., 1., 1.]), colorSpace='rgb', contrast=1.0, depth=0.0, draggable=False, flipHoriz=False, flipVert=False, font='Open Sans', fontFiles=[], height=0.1, italic=False, languageStyle='LTR', name='waiting_for_trigger_text', opacity=1.0, ori=0.0, pos=array([0., 0.]), rgb=UNKNOWN, text='Waiting for trigger (t)...', units='pix', win=Window(...), wrapWidth=500)
31.8506 	EXP 	window1: mouseVisible = True
31.8520 	EXP 	Created countdown = TextStim(__class__=<class 'psychopy.visual.text.TextStim'>, alignHoriz=method-wrapper(...), alignText='center', alignVert=method-wrapper(...), anchorHoriz='center', anchorVert='center', antialias=True, autoDraw=False, autoLog=True, bold=False, color=array([1., 1., 1.]), colorSpace='rgb', contrast=1.0, depth=0.0, draggable=False, flipHoriz=False, flipVert=False, font='Open Sans', fontFiles=[], height=0.1, italic=False, languageStyle='LTR', name='countdown', opacity=1.0, ori=0.0, pos=array([0., 0.]), rgb=UNKNOWN, text='', units='pix', win=Window(...), wrapWidth=500)
31.8608 	EXP 	window1: mouseVisible = True
32.0208 	EXP 	window1: mouseVisible = True
32.1834 	EXP 	window1: mouseVisible = True
32.4385 	EXP 	window1: mouseVisible = True
32.5849 	EXP 	window1: mouseVisible = True
32.6450 	EXP 	window1: mouseVisible = True
32.7877 	EXP 	window1: mouseVisible = True
32.9266 	EXP 	window1: mouseVisible = True
33.0675 	EXP 	window1: mouseVisible = True
33.1273 	EXP 	window1: mouseVisible = True
33.3340 	EXP 	window1: mouseVisible = True
33.4856 	EXP 	window1: mouseVisible = True
33.6159 	EXP 	window1: mouseVisible = True
33.7597 	EXP 	window1: mouseVisible = True
33.8839 	EXP 	window1: mouseVisible = True
34.0794 	EXP 	window1: mouseVisible = True
34.1344 	EXP 	window1: mouseVisible = True
34.2862 	EXP 	window1: mouseVisible = True
34.4276 	EXP 	window1: mouseVisible = True
34.5775 	EXP 	window1: mouseVisible = True
34.6419 	EXP 	window1: mouseVisible = True
34.8101 	EXP 	window1: mouseVisible = True
34.8736 	EXP 	window1: mouseVisible = True
35.0102 	EXP 	window1: mouseVisible = True
35.2371 	EXP 	window1: mouseVisible = True
35.3926 	EXP 	window1: mouseVisible = True
35.5340 	EXP 	window1: mouseVisible = True
35.5937 	EXP 	window1: mouseVisible = True
35.8185 	EXP 	window1: mouseVisible = True
35.9636 	EXP 	window1: mouseVisible = True
36.1181 	EXP 	window1: mouseVisible = True
36.2675 	EXP 	window1: mouseVisible = True
36.4067 	EXP 	window1: mouseVisible = True
36.5658 	EXP 	window1: mouseVisible = True
36.8219 	EXP 	window1: mouseVisible = True
36.9657 	EXP 	window1: mouseVisible = True
37.0269 	EXP 	window1: mouseVisible = True
37.1951 	EXP 	window1: mouseVisible = True
37.3441 	EXP 	window1: mouseVisible = True
37.4926 	EXP 	window1: mouseVisible = True
37.5564 	EXP 	window1: mouseVisible = True
37.8510 	EXP 	window1: mouseVisible = True
37.9841 	EXP 	window1: mouseVisible = True
38.1114 	EXP 	window1: mouseVisible = True
38.1738 	EXP 	window1: mouseVisible = True
38.3448 	EXP 	window1: mouseVisible = True
38.6170 	EXP 	window1: mouseVisible = True
38.7884 	EXP 	window1: mouseVisible = True
38.9428 	EXP 	window1: mouseVisible = True
39.0706 	EXP 	window1: mouseVisible = True
39.2616 	EXP 	window1: mouseVisible = True
39.3237 	EXP 	window1: mouseVisible = True
39.4834 	EXP 	window1: mouseVisible = True
39.6473 	EXP 	window1: mouseVisible = True
39.7690 	EXP 	window1: mouseVisible = True
39.8311 	EXP 	window1: mouseVisible = True
39.9999 	EXP 	window1: mouseVisible = True
40.1549 	EXP 	window1: mouseVisible = True
40.2171 	EXP 	window1: mouseVisible = True
40.4511 	EXP 	window1: mouseVisible = True
40.6433 	EXP 	window1: mouseVisible = True
40.7995 	EXP 	window1: mouseVisible = True
40.8741 	EXP 	window1: mouseVisible = True
40.9162 	EXP 	Created unnamed ImageStim = ImageStim(__class__=<class 'psychopy.visual.image.ImageStim'>, anchor=('center', 'center'), autoLog=True, color=array([1., 1., 1.]), colorSpace='rgb', contrast=1.0, depth=0, draggable=False, flipHoriz=False, flipVert=False, image=str(...), interpolate=False, mask=None, maskParams=None, name='unnamed ImageStim', opacity=1.0, ori=0.0, pos=array([0., 0.]), size=array([768., 768.]), texRes=128, units='pix', win=Window(...))
40.9165 	EXP 	window1: mouseVisible = True
40.9472 	EXP 	Created unnamed ImageStim = ImageStim(__class__=<class 'psychopy.visual.image.ImageStim'>, anchor=('center', 'center'), autoLog=True, color=array([1., 1., 1.]), colorSpace='rgb', contrast=1.0, depth=0, draggable=False, flipHoriz=False, flipVert=False, image=str(...), interpolate=False, mask=None, maskParams=None, name='unnamed ImageStim', opacity=1.0, ori=0.0, pos=array([0., 0.]), size=array([768., 768.]), texRes=128, units='pix', win=Window(...))
40.9476 	EXP 	window1: mouseVisible = True
40.9905 	EXP 	Created unnamed ImageStim = ImageStim(__class__=<class 'psychopy.visual.image.ImageStim'>, anchor=('center', 'center'), autoLog=True, color=array([1., 1., 1.]), colorSpace='rgb', contrast=1.0, depth=0, draggable=False, flipHoriz=False, flipVert=False, image=str(...), interpolate=False, mask=None, maskParams=None, name='unnamed ImageStim', opacity=1.0, ori=0.0, pos=array([0., 0.]), size=array([768., 768.]), texRes=128, units='pix', win=Window(...))
40.9907 	EXP 	window1: mouseVisible = True
41.0214 	EXP 	Created unnamed ImageStim = ImageStim(__class__=<class 'psychopy.visual.image.ImageStim'>, anchor=('center', 'center'), autoLog=True, color=array([1., 1., 1.]), colorSpace='rgb', contrast=1.0, depth=0, draggable=False, flipHoriz=False, flipVert=False, image=str(...), interpolate=False, mask=None, maskParams=None, name='unnamed ImageStim', opacity=1.0, ori=0.0, pos=array([0., 0.]), size=array([768., 768.]), texRes=128, units='pix', win=Window(...))
41.0218 	EXP 	window1: mouseVisible = True
41.0606 	EXP 	Created unnamed ImageStim = ImageStim(__class__=<class 'psychopy.visual.image.ImageStim'>, anchor=('center', 'center'), autoLog=True, color=array([1., 1., 1.]), colorSpace='rgb', contrast=1.0, depth=0, draggable=False, flipHoriz=False, flipVert=False, image=str(...), interpolate=False, mask=None, maskParams=None, name='unnamed ImageStim', opacity=1.0, ori=0.0, pos=array([0., 0.]), size=array([768., 768.]), texRes=128, units='pix', win=Window(...))
41.0608 	EXP 	window1: mouseVisible = True
41.1043 	EXP 	Created unnamed ImageStim = ImageStim(__class__=<class 'psychopy.visual.image.ImageStim'>, anchor=('center', 'center'), autoLog=True, color=array([1., 1., 1.]), colorSpace='rgb', contrast=1.0, depth=0, draggable=False, flipHoriz=False, flipVert=False, image=str(...), interpolate=False, mask=None, maskParams=None, name='unnamed ImageStim', opacity=1.0, ori=0.0, pos=array([0., 0.]), size=array([768., 768.]), texRes=128, units='pix', win=Window(...))
41.1051 	EXP 	window1: mouseVisible = True
41.1466 	EXP 	Created unnamed ImageStim = ImageStim(__class__=<class 'psychopy.visual.image.ImageStim'>, anchor=('center', 'center'), autoLog=True, color=array([1., 1., 1.]), colorSpace='rgb', contrast=1.0, depth=0, draggable=False, flipHoriz=False, flipVert=False, image=str(...), interpolate=False, mask=None, maskParams=None, name='unnamed ImageStim', opacity=1.0, ori=0.0, pos=array([0., 0.]), size=array([768., 768.]), texRes=128, units='pix', win=Window(...))
41.1468 	EXP 	window1: mouseVisible = True
41.1747 	EXP 	Created unnamed ImageStim = ImageStim(__class__=<class 'psychopy.visual.image.ImageStim'>, anchor=('center', 'center'), autoLog=True, color=array([1., 1., 1.]), colorSpace='rgb', contrast=1.0, depth=0, draggable=False, flipHoriz=False, flipVert=False, image=str(...), interpolate=False, mask=None, maskParams=None, name='unnamed ImageStim', opacity=1.0, ori=0.0, pos=array([0., 0.]), size=array([768., 768.]), texRes=128, units='pix', win=Window(...))
41.1753 	EXP 	window1: mouseVisible = True
41.2260 	EXP 	Created unnamed ImageStim = ImageStim(__class__=<class 'psychopy.visual.image.ImageStim'>, anchor=('center', 'center'), autoLog=True, color=array([1., 1., 1.]), colorSpace='rgb', contrast=1.0, depth=0, draggable=False, flipHoriz=False, flipVert=False, image=str(...), interpolate=False, mask=None, maskParams=None, name='unnamed ImageStim', opacity=1.0, ori=0.0, pos=array([0., 0.]), size=array([768., 768.]), texRes=128, units='pix', win=Window(...))
41.2623 	EXP 	unnamed MovieStim: autoLog = True
41.2623 	EXP 	unnamed MovieStim: autoLog = True
41.2623 	EXP 	unnamed MovieStim: autoLog = True
41.2623 	EXP 	unnamed MovieStim: autoLog = True
41.2623 	EXP 	unnamed MovieStim: autoLog = True
41.2623 	EXP 	unnamed MovieStim: autoLog = True
41.2623 	EXP 	unnamed MovieStim: autoLog = True
41.2623 	EXP 	unnamed MovieStim: autoLog = True
41.2623 	EXP 	unnamed MovieStim: autoLog = True
41.2623 	EXP 	unnamed MovieStim: autoLog = True
41.2623 	EXP 	unnamed MovieStim: autoLog = True
41.2623 	EXP 	unnamed MovieStim: autoLog = True
41.2623 	EXP 	unnamed MovieStim: autoLog = True
41.2623 	EXP 	unnamed MovieStim: autoLog = True
41.2623 	EXP 	unnamed MovieStim: autoLog = True
41.2623 	EXP 	unnamed MovieStim: autoLog = True
41.2623 	EXP 	unnamed MovieStim: autoLog = True
41.2623 	EXP 	unnamed MovieStim: autoLog = True
41.2623 	EXP 	unnamed MovieStim: autoLog = True
41.2623 	EXP 	unnamed MovieStim: autoLog = True
41.2623 	EXP 	unnamed MovieStim: autoLog = True
41.2623 	EXP 	unnamed MovieStim: autoLog = True
41.2623 	EXP 	unnamed MovieStim: autoLog = True
41.2623 	EXP 	unnamed MovieStim: autoLog = True
41.2623 	EXP 	unnamed MovieStim: autoLog = True
41.2623 	EXP 	unnamed MovieStim: autoLog = True
41.2623 	EXP 	unnamed MovieStim: autoLog = True
41.2623 	EXP 	unnamed MovieStim: autoLog = True
41.2623 	EXP 	unnamed MovieStim: autoLog = True
41.2623 	EXP 	unnamed MovieStim: autoLog = True
41.2623 	EXP 	unnamed MovieStim: autoLog = True
41.2623 	EXP 	unnamed MovieStim: autoLog = True
41.2623 	EXP 	unnamed MovieStim: autoLog = True
41.2623 	EXP 	unnamed MovieStim: autoLog = True
41.2623 	EXP 	unnamed MovieStim: autoLog = True
41.2623 	EXP 	unnamed MovieStim: autoLog = True
41.2623 	EXP 	unnamed MovieStim: autoLog = True
41.2623 	EXP 	unnamed MovieStim: autoLog = True
41.2623 	EXP 	unnamed MovieStim: autoLog = True
41.2623 	EXP 	unnamed MovieStim: autoLog = True
41.2623 	EXP 	unnamed MovieStim: autoLog = True
41.2623 	EXP 	unnamed MovieStim: autoLog = True
41.2623 	EXP 	unnamed MovieStim: autoLog = True
41.2623 	EXP 	unnamed MovieStim: autoLog = True
41.2623 	EXP 	unnamed MovieStim: autoLog = True
41.2623 	EXP 	unnamed MovieStim: autoLog = True
41.2623 	EXP 	unnamed MovieStim: autoLog = True
41.2623 	EXP 	unnamed MovieStim: autoLog = True
41.2623 	EXP 	unnamed MovieStim: autoLog = True
41.2623 	EXP 	unnamed MovieStim: autoLog = True
41.2623 	EXP 	unnamed MovieStim: autoLog = True
41.2623 	EXP 	unnamed MovieStim: autoLog = True
41.2623 	EXP 	unnamed MovieStim: autoLog = True
41.2623 	EXP 	unnamed MovieStim: autoLog = True
41.2623 	EXP 	unnamed MovieStim: autoLog = True
41.2623 	EXP 	unnamed MovieStim: autoLog = True
41.2623 	EXP 	unnamed MovieStim: autoLog = True
41.2623 	EXP 	unnamed MovieStim: autoLog = True
41.2623 	EXP 	unnamed MovieStim: autoLog = True
41.2623 	EXP 	unnamed MovieStim: autoLog = True
41.2623 	EXP 	unnamed MovieStim: autoLog = True
41.2623 	EXP 	unnamed MovieStim: autoLog = True
41.2623 	EXP 	waiting_for_trigger_text: autoDraw = True
44.8793 	EXP 	waiting_for_trigger_text: autoDraw = False
44.8793 	EXP 	countdown: autoDraw = True
44.8793 	EXP 	countdown: height = 0.1
44.8793 	EXP 	countdown: height = 0.1
44.8793 	EXP 	countdown: height = 0.1
44.8793 	EXP 	countdown: text = ''
50.9292 	EXP 	countdown: autoDraw = False
50.9292 	EXP 	unnamed MovieStim: autoDraw = True
55.0663 	EXP 	unnamed MovieStim: autoDraw = False
55.0663 	EXP 	unnamed MovieStim: autoDraw = True
59.0197 	EXP 	unnamed MovieStim: autoDraw = False
59.0197 	EXP 	unnamed MovieStim: autoDraw = True
63.0375 	EXP 	unnamed MovieStim: autoDraw = False
63.0375 	EXP 	unnamed MovieStim: autoDraw = True
67.0690 	EXP 	unnamed MovieStim: autoDraw = False
67.0690 	EXP 	unnamed MovieStim: autoDraw = True
71.0405 	EXP 	unnamed MovieStim: autoDraw = False
71.0405 	EXP 	unnamed MovieStim: autoDraw = True
75.0730 	EXP 	unnamed MovieStim: autoDraw = False
75.0730 	EXP 	unnamed MovieStim: autoDraw = True
79.0786 	EXP 	unnamed MovieStim: autoDraw = False
79.0786 	EXP 	unnamed MovieStim: autoDraw = True
83.0452 	EXP 	unnamed MovieStim: autoDraw = False
83.0452 	EXP 	unnamed MovieStim: autoDraw = True
87.0368 	EXP 	unnamed MovieStim: autoDraw = False
87.0368 	EXP 	unnamed MovieStim: autoDraw = True
91.0692 	EXP 	unnamed MovieStim: autoDraw = False
91.0692 	EXP 	unnamed MovieStim: autoDraw = True
95.0800 	EXP 	unnamed MovieStim: autoDraw = False
95.0800 	EXP 	unnamed MovieStim: autoDraw = True
99.0534 	EXP 	unnamed MovieStim: autoDraw = False
99.0534 	EXP 	unnamed MovieStim: autoDraw = True
103.0457 	EXP 	unnamed MovieStim: autoDraw = False
103.0457 	EXP 	unnamed MovieStim: autoDraw = True
107.0402 	EXP 	unnamed MovieStim: autoDraw = False
107.0402 	EXP 	unnamed MovieStim: autoDraw = True
111.0578 	EXP 	unnamed MovieStim: autoDraw = False
111.0578 	EXP 	unnamed MovieStim: autoDraw = True
115.0649 	EXP 	unnamed MovieStim: autoDraw = False
115.0649 	EXP 	unnamed MovieStim: autoDraw = True
119.0479 	EXP 	unnamed MovieStim: autoDraw = False
119.0479 	EXP 	unnamed MovieStim: autoDraw = True
123.0570 	EXP 	unnamed MovieStim: autoDraw = False
123.0570 	EXP 	unnamed MovieStim: autoDraw = True
127.0475 	EXP 	unnamed MovieStim: autoDraw = False
127.0475 	EXP 	unnamed MovieStim: autoDraw = True
131.0378 	EXP 	unnamed MovieStim: autoDraw = False
131.0378 	EXP 	unnamed MovieStim: autoDraw = True
135.0564 	EXP 	unnamed MovieStim: autoDraw = False
135.0564 	EXP 	unnamed MovieStim: autoDraw = True
139.0287 	EXP 	unnamed MovieStim: autoDraw = False
139.0287 	EXP 	unnamed MovieStim: autoDraw = True
143.0683 	EXP 	unnamed MovieStim: autoDraw = False
143.0683 	EXP 	unnamed MovieStim: autoDraw = True
147.0516 	EXP 	unnamed MovieStim: autoDraw = False
147.0516 	EXP 	unnamed MovieStim: autoDraw = True
151.0546 	EXP 	unnamed MovieStim: autoDraw = False
151.0546 	EXP 	unnamed MovieStim: autoDraw = True
155.0381 	EXP 	unnamed MovieStim: autoDraw = False
155.0381 	EXP 	unnamed MovieStim: autoDraw = True
159.0474 	EXP 	unnamed MovieStim: autoDraw = False
159.0474 	EXP 	unnamed MovieStim: autoDraw = True
163.0357 	EXP 	unnamed MovieStim: autoDraw = False
163.0357 	EXP 	unnamed MovieStim: autoDraw = True
167.0703 	EXP 	unnamed MovieStim: autoDraw = False
167.0703 	EXP 	unnamed MovieStim: autoDraw = True
171.0455 	EXP 	unnamed MovieStim: autoDraw = False
171.0455 	EXP 	unnamed MovieStim: autoDraw = True
175.0567 	EXP 	unnamed MovieStim: autoDraw = False
175.0567 	EXP 	unnamed MovieStim: autoDraw = True
179.0572 	EXP 	unnamed MovieStim: autoDraw = False
179.0572 	EXP 	unnamed MovieStim: autoDraw = True
183.0679 	EXP 	unnamed MovieStim: autoDraw = False
183.0679 	EXP 	unnamed MovieStim: autoDraw = True
187.0632 	EXP 	unnamed MovieStim: autoDraw = False
187.0632 	EXP 	unnamed MovieStim: autoDraw = True
191.0763 	EXP 	unnamed MovieStim: autoDraw = False
191.0763 	EXP 	unnamed MovieStim: autoDraw = True
195.0771 	EXP 	unnamed MovieStim: autoDraw = False
195.0771 	EXP 	unnamed MovieStim: autoDraw = True
199.0736 	EXP 	unnamed MovieStim: autoDraw = False
199.0736 	EXP 	unnamed MovieStim: autoDraw = True
203.0736 	EXP 	unnamed MovieStim: autoDraw = False
203.0736 	EXP 	unnamed MovieStim: autoDraw = True
206.1718 	EXP 	window1: mouseVisible = True
