915.3593 	EXP 	longbabyloc: status = NOT_STARTED
915.3603 	EXP 	window1: mouseVisible = True
915.3703 	EXP 	Created waiting_for_trigger_text = TextStim(__class__=<class 'psychopy.visual.text.TextStim'>, alignHoriz=method-wrapper(...), alignText='center', alignVert=method-wrapper(...), anchorHoriz='center', anchorVert='center', antialias=True, autoDraw=False, autoLog=True, bold=False, color=array([1., 1., 1.]), colorSpace='rgb', contrast=1.0, depth=0.0, draggable=False, flipHoriz=False, flipVert=False, font='Open Sans', fontFiles=[], height=0.1, italic=False, languageStyle='LTR', name='waiting_for_trigger_text', opacity=1.0, ori=0.0, pos=array([0., 0.]), rgb=UNKNOWN, text='Waiting for trigger (t)...', units='pix', win=Window(...), wrapWidth=500)
915.3707 	EXP 	window1: mouseVisible = True
915.3724 	EXP 	Created countdown = TextStim(__class__=<class 'psychopy.visual.text.TextStim'>, alignHoriz=method-wrapper(...), alignText='center', alignVert=method-wrapper(...), anchorHoriz='center', anchorVert='center', antialias=True, autoDraw=False, autoLog=True, bold=False, color=array([1., 1., 1.]), colorSpace='rgb', contrast=1.0, depth=0.0, draggable=False, flipHoriz=False, flipVert=False, font='Open Sans', fontFiles=[], height=0.1, italic=False, languageStyle='LTR', name='countdown', opacity=1.0, ori=0.0, pos=array([0., 0.]), rgb=UNKNOWN, text='', units='pix', win=Window(...), wrapWidth=500)
915.3726 	EXP 	window1: mouseVisible = True
915.4600 	EXP 	window1: mouseVisible = True
915.6026 	EXP 	window1: mouseVisible = True
915.6932 	EXP 	window1: mouseVisible = True
915.7987 	EXP 	window1: mouseVisible = True
915.9113 	EXP 	window1: mouseVisible = True
916.0078 	EXP 	window1: mouseVisible = True
916.1234 	EXP 	window1: mouseVisible = True
916.3827 	EXP 	window1: mouseVisible = True
916.5462 	EXP 	window1: mouseVisible = True
916.6528 	EXP 	window1: mouseVisible = True
916.7449 	EXP 	window1: mouseVisible = True
916.8260 	EXP 	window1: mouseVisible = True
916.9063 	EXP 	window1: mouseVisible = True
916.9928 	EXP 	window1: mouseVisible = True
917.0715 	EXP 	window1: mouseVisible = True
917.1486 	EXP 	window1: mouseVisible = True
917.2266 	EXP 	window1: mouseVisible = True
917.3321 	EXP 	window1: mouseVisible = True
917.4099 	EXP 	window1: mouseVisible = True
917.5068 	EXP 	window1: mouseVisible = True
917.5819 	EXP 	window1: mouseVisible = True
917.6693 	EXP 	window1: mouseVisible = True
917.7425 	EXP 	window1: mouseVisible = True
917.8246 	EXP 	window1: mouseVisible = True
917.9158 	EXP 	window1: mouseVisible = True
918.0109 	EXP 	window1: mouseVisible = True
918.1146 	EXP 	window1: mouseVisible = True
918.2162 	EXP 	window1: mouseVisible = True
918.3109 	EXP 	window1: mouseVisible = True
918.4113 	EXP 	window1: mouseVisible = True
918.5068 	EXP 	window1: mouseVisible = True
918.6105 	EXP 	window1: mouseVisible = True
918.7030 	EXP 	window1: mouseVisible = True
918.7923 	EXP 	window1: mouseVisible = True
918.8973 	EXP 	window1: mouseVisible = True
919.0036 	EXP 	window1: mouseVisible = True
919.0971 	EXP 	window1: mouseVisible = True
919.1799 	EXP 	window1: mouseVisible = True
919.2795 	EXP 	window1: mouseVisible = True
919.3659 	EXP 	window1: mouseVisible = True
919.4604 	EXP 	window1: mouseVisible = True
919.5465 	EXP 	window1: mouseVisible = True
919.6501 	EXP 	window1: mouseVisible = True
919.7504 	EXP 	window1: mouseVisible = True
919.8614 	EXP 	window1: mouseVisible = True
919.9627 	EXP 	window1: mouseVisible = True
920.0626 	EXP 	window1: mouseVisible = True
920.1649 	EXP 	window1: mouseVisible = True
920.2607 	EXP 	window1: mouseVisible = True
920.3562 	EXP 	window1: mouseVisible = True
920.4612 	EXP 	window1: mouseVisible = True
920.5676 	EXP 	window1: mouseVisible = True
920.6585 	EXP 	window1: mouseVisible = True
920.7488 	EXP 	window1: mouseVisible = True
920.8362 	EXP 	window1: mouseVisible = True
920.9378 	EXP 	window1: mouseVisible = True
921.0353 	EXP 	window1: mouseVisible = True
921.1454 	EXP 	window1: mouseVisible = True
921.2564 	EXP 	window1: mouseVisible = True
921.3701 	EXP 	window1: mouseVisible = True
921.4655 	EXP 	window1: mouseVisible = True
921.5576 	EXP 	window1: mouseVisible = True
921.6105 	EXP 	Created unnamed ImageStim = ImageStim(__class__=<class 'psychopy.visual.image.ImageStim'>, anchor=('center', 'center'), autoLog=True, color=array([1., 1., 1.]), colorSpace='rgb', contrast=1.0, depth=0, draggable=False, flipHoriz=False, flipVert=False, image=str(...), interpolate=False, mask=None, maskParams=None, name='unnamed ImageStim', opacity=1.0, ori=0.0, pos=array([0., 0.]), size=array([768., 768.]), texRes=128, units='pix', win=Window(...))
921.6109 	EXP 	window1: mouseVisible = True
921.6442 	EXP 	Created unnamed ImageStim = ImageStim(__class__=<class 'psychopy.visual.image.ImageStim'>, anchor=('center', 'center'), autoLog=True, color=array([1., 1., 1.]), colorSpace='rgb', contrast=1.0, depth=0, draggable=False, flipHoriz=False, flipVert=False, image=str(...), interpolate=False, mask=None, maskParams=None, name='unnamed ImageStim', opacity=1.0, ori=0.0, pos=array([0., 0.]), size=array([768., 768.]), texRes=128, units='pix', win=Window(...))
921.6444 	EXP 	window1: mouseVisible = True
921.6784 	EXP 	Created unnamed ImageStim = ImageStim(__class__=<class 'psychopy.visual.image.ImageStim'>, anchor=('center', 'center'), autoLog=True, color=array([1., 1., 1.]), colorSpace='rgb', contrast=1.0, depth=0, draggable=False, flipHoriz=False, flipVert=False, image=str(...), interpolate=False, mask=None, maskParams=None, name='unnamed ImageStim', opacity=1.0, ori=0.0, pos=array([0., 0.]), size=array([768., 768.]), texRes=128, units='pix', win=Window(...))
921.6786 	EXP 	window1: mouseVisible = True
921.7018 	EXP 	Created unnamed ImageStim = ImageStim(__class__=<class 'psychopy.visual.image.ImageStim'>, anchor=('center', 'center'), autoLog=True, color=array([1., 1., 1.]), colorSpace='rgb', contrast=1.0, depth=0, draggable=False, flipHoriz=False, flipVert=False, image=str(...), interpolate=False, mask=None, maskParams=None, name='unnamed ImageStim', opacity=1.0, ori=0.0, pos=array([0., 0.]), size=array([768., 768.]), texRes=128, units='pix', win=Window(...))
921.7020 	EXP 	window1: mouseVisible = True
921.7354 	EXP 	Created unnamed ImageStim = ImageStim(__class__=<class 'psychopy.visual.image.ImageStim'>, anchor=('center', 'center'), autoLog=True, color=array([1., 1., 1.]), colorSpace='rgb', contrast=1.0, depth=0, draggable=False, flipHoriz=False, flipVert=False, image=str(...), interpolate=False, mask=None, maskParams=None, name='unnamed ImageStim', opacity=1.0, ori=0.0, pos=array([0., 0.]), size=array([768., 768.]), texRes=128, units='pix', win=Window(...))
921.7356 	EXP 	window1: mouseVisible = True
921.7749 	EXP 	Created unnamed ImageStim = ImageStim(__class__=<class 'psychopy.visual.image.ImageStim'>, anchor=('center', 'center'), autoLog=True, color=array([1., 1., 1.]), colorSpace='rgb', contrast=1.0, depth=0, draggable=False, flipHoriz=False, flipVert=False, image=str(...), interpolate=False, mask=None, maskParams=None, name='unnamed ImageStim', opacity=1.0, ori=0.0, pos=array([0., 0.]), size=array([768., 768.]), texRes=128, units='pix', win=Window(...))
921.7751 	EXP 	window1: mouseVisible = True
921.8112 	EXP 	Created unnamed ImageStim = ImageStim(__class__=<class 'psychopy.visual.image.ImageStim'>, anchor=('center', 'center'), autoLog=True, color=array([1., 1., 1.]), colorSpace='rgb', contrast=1.0, depth=0, draggable=False, flipHoriz=False, flipVert=False, image=str(...), interpolate=False, mask=None, maskParams=None, name='unnamed ImageStim', opacity=1.0, ori=0.0, pos=array([0., 0.]), size=array([768., 768.]), texRes=128, units='pix', win=Window(...))
921.8115 	EXP 	window1: mouseVisible = True
921.8370 	EXP 	Created unnamed ImageStim = ImageStim(__class__=<class 'psychopy.visual.image.ImageStim'>, anchor=('center', 'center'), autoLog=True, color=array([1., 1., 1.]), colorSpace='rgb', contrast=1.0, depth=0, draggable=False, flipHoriz=False, flipVert=False, image=str(...), interpolate=False, mask=None, maskParams=None, name='unnamed ImageStim', opacity=1.0, ori=0.0, pos=array([0., 0.]), size=array([768., 768.]), texRes=128, units='pix', win=Window(...))
921.8372 	EXP 	window1: mouseVisible = True
921.8845 	EXP 	Created unnamed ImageStim = ImageStim(__class__=<class 'psychopy.visual.image.ImageStim'>, anchor=('center', 'center'), autoLog=True, color=array([1., 1., 1.]), colorSpace='rgb', contrast=1.0, depth=0, draggable=False, flipHoriz=False, flipVert=False, image=str(...), interpolate=False, mask=None, maskParams=None, name='unnamed ImageStim', opacity=1.0, ori=0.0, pos=array([0., 0.]), size=array([768., 768.]), texRes=128, units='pix', win=Window(...))
921.9051 	EXP 	unnamed MovieStim: autoLog = True
921.9051 	EXP 	unnamed MovieStim: autoLog = True
921.9051 	EXP 	unnamed MovieStim: autoLog = True
921.9051 	EXP 	unnamed MovieStim: autoLog = True
921.9051 	EXP 	unnamed MovieStim: autoLog = True
921.9051 	EXP 	unnamed MovieStim: autoLog = True
921.9051 	EXP 	unnamed MovieStim: autoLog = True
921.9051 	EXP 	unnamed MovieStim: autoLog = True
921.9051 	EXP 	unnamed MovieStim: autoLog = True
921.9051 	EXP 	unnamed MovieStim: autoLog = True
921.9051 	EXP 	unnamed MovieStim: autoLog = True
921.9051 	EXP 	unnamed MovieStim: autoLog = True
921.9051 	EXP 	unnamed MovieStim: autoLog = True
921.9051 	EXP 	unnamed MovieStim: autoLog = True
921.9051 	EXP 	unnamed MovieStim: autoLog = True
921.9051 	EXP 	unnamed MovieStim: autoLog = True
921.9051 	EXP 	unnamed MovieStim: autoLog = True
921.9051 	EXP 	unnamed MovieStim: autoLog = True
921.9051 	EXP 	unnamed MovieStim: autoLog = True
921.9051 	EXP 	unnamed MovieStim: autoLog = True
921.9051 	EXP 	unnamed MovieStim: autoLog = True
921.9051 	EXP 	unnamed MovieStim: autoLog = True
921.9051 	EXP 	unnamed MovieStim: autoLog = True
921.9051 	EXP 	unnamed MovieStim: autoLog = True
921.9051 	EXP 	unnamed MovieStim: autoLog = True
921.9051 	EXP 	unnamed MovieStim: autoLog = True
921.9051 	EXP 	unnamed MovieStim: autoLog = True
921.9051 	EXP 	unnamed MovieStim: autoLog = True
921.9051 	EXP 	unnamed MovieStim: autoLog = True
921.9051 	EXP 	unnamed MovieStim: autoLog = True
921.9051 	EXP 	unnamed MovieStim: autoLog = True
921.9051 	EXP 	unnamed MovieStim: autoLog = True
921.9051 	EXP 	unnamed MovieStim: autoLog = True
921.9051 	EXP 	unnamed MovieStim: autoLog = True
921.9051 	EXP 	unnamed MovieStim: autoLog = True
921.9051 	EXP 	unnamed MovieStim: autoLog = True
921.9051 	EXP 	unnamed MovieStim: autoLog = True
921.9051 	EXP 	unnamed MovieStim: autoLog = True
921.9051 	EXP 	unnamed MovieStim: autoLog = True
921.9051 	EXP 	unnamed MovieStim: autoLog = True
921.9051 	EXP 	unnamed MovieStim: autoLog = True
921.9051 	EXP 	unnamed MovieStim: autoLog = True
921.9051 	EXP 	unnamed MovieStim: autoLog = True
921.9051 	EXP 	unnamed MovieStim: autoLog = True
921.9051 	EXP 	unnamed MovieStim: autoLog = True
921.9051 	EXP 	unnamed MovieStim: autoLog = True
921.9051 	EXP 	unnamed MovieStim: autoLog = True
921.9051 	EXP 	unnamed MovieStim: autoLog = True
921.9051 	EXP 	unnamed MovieStim: autoLog = True
921.9051 	EXP 	unnamed MovieStim: autoLog = True
921.9051 	EXP 	unnamed MovieStim: autoLog = True
921.9051 	EXP 	unnamed MovieStim: autoLog = True
921.9051 	EXP 	unnamed MovieStim: autoLog = True
921.9051 	EXP 	unnamed MovieStim: autoLog = True
921.9051 	EXP 	unnamed MovieStim: autoLog = True
921.9051 	EXP 	unnamed MovieStim: autoLog = True
921.9051 	EXP 	unnamed MovieStim: autoLog = True
921.9051 	EXP 	unnamed MovieStim: autoLog = True
921.9051 	EXP 	unnamed MovieStim: autoLog = True
921.9051 	EXP 	unnamed MovieStim: autoLog = True
921.9051 	EXP 	unnamed MovieStim: autoLog = True
921.9051 	EXP 	unnamed MovieStim: autoLog = True
921.9051 	EXP 	waiting_for_trigger_text: autoDraw = True
1400.6421 	EXP 	window1: mouseVisible = True
