979.5724 	EXP 	window1: mouseVisible = True
979.6219 	EXP 	Created waiting_for_trigger_text = TextStim(__class__=<class 'psychopy.visual.text.TextStim'>, alignHoriz=method-wrapper(...), alignText='center', alignVert=method-wrapper(...), anchorHoriz='center', anchorVert='center', antialias=True, autoDraw=False, autoLog=True, bold=False, color=array([1., 1., 1.]), colorSpace='rgb', contrast=1.0, depth=0.0, draggable=False, flipHoriz=False, flipVert=False, font='Open Sans', fontFiles=[], height=0.1, italic=False, languageStyle='LTR', name='waiting_for_trigger_text', opacity=1.0, ori=0.0, pos=array([0., 0.]), rgb=UNKNOWN, text='Waiting for trigger (t)...', units='pix', win=Window(...), wrapWidth=500)
979.6221 	EXP 	window1: mouseVisible = True
979.6234 	EXP 	Created countdown = TextStim(__class__=<class 'psychopy.visual.text.TextStim'>, alignHoriz=method-wrapper(...), alignText='center', alignVert=method-wrapper(...), anchorHoriz='center', anchorVert='center', antialias=True, autoDraw=False, autoLog=True, bold=False, color=array([1., 1., 1.]), colorSpace='rgb', contrast=1.0, depth=0.0, draggable=False, flipHoriz=False, flipVert=False, font='Open Sans', fontFiles=[], height=0.1, italic=False, languageStyle='LTR', name='countdown', opacity=1.0, ori=0.0, pos=array([0., 0.]), rgb=UNKNOWN, text='', units='pix', win=Window(...), wrapWidth=500)
979.6354 	EXP 	window1: mouseVisible = True
979.8054 	EXP 	window1: mouseVisible = True
980.0028 	EXP 	window1: mouseVisible = True
980.1553 	EXP 	window1: mouseVisible = True
980.2134 	EXP 	window1: mouseVisible = True
980.3507 	EXP 	window1: mouseVisible = True
980.6113 	EXP 	window1: mouseVisible = True
980.6696 	EXP 	window1: mouseVisible = True
980.8218 	EXP 	window1: mouseVisible = True
981.0006 	EXP 	window1: mouseVisible = True
981.1600 	EXP 	window1: mouseVisible = True
981.2870 	EXP 	window1: mouseVisible = True
981.4409 	EXP 	window1: mouseVisible = True
981.5000 	EXP 	window1: mouseVisible = True
981.6270 	EXP 	window1: mouseVisible = True
981.7752 	EXP 	window1: mouseVisible = True
981.9890 	EXP 	window1: mouseVisible = True
982.1173 	EXP 	window1: mouseVisible = True
982.3742 	EXP 	window1: mouseVisible = True
982.4352 	EXP 	window1: mouseVisible = True
982.5781 	EXP 	window1: mouseVisible = True
982.7294 	EXP 	window1: mouseVisible = True
982.9495 	EXP 	window1: mouseVisible = True
983.0094 	EXP 	window1: mouseVisible = True
983.1794 	EXP 	window1: mouseVisible = True
983.3472 	EXP 	window1: mouseVisible = True
983.5008 	EXP 	window1: mouseVisible = True
983.6445 	EXP 	window1: mouseVisible = True
983.8765 	EXP 	window1: mouseVisible = True
984.0206 	EXP 	window1: mouseVisible = True
984.0823 	EXP 	window1: mouseVisible = True
984.2462 	EXP 	window1: mouseVisible = True
984.3863 	EXP 	window1: mouseVisible = True
984.5338 	EXP 	window1: mouseVisible = True
984.6933 	EXP 	window1: mouseVisible = True
984.8463 	EXP 	window1: mouseVisible = True
984.9069 	EXP 	window1: mouseVisible = True
985.1720 	EXP 	window1: mouseVisible = True
985.3540 	EXP 	window1: mouseVisible = True
985.4327 	EXP 	window1: mouseVisible = True
985.6383 	EXP 	window1: mouseVisible = True
985.8038 	EXP 	window1: mouseVisible = True
986.0195 	EXP 	window1: mouseVisible = True
986.1989 	EXP 	window1: mouseVisible = True
986.2652 	EXP 	window1: mouseVisible = True
986.4010 	EXP 	window1: mouseVisible = True
986.5714 	EXP 	window1: mouseVisible = True
986.6449 	EXP 	window1: mouseVisible = True
986.8057 	EXP 	window1: mouseVisible = True
986.9456 	EXP 	window1: mouseVisible = True
987.1171 	EXP 	window1: mouseVisible = True
987.4181 	EXP 	window1: mouseVisible = True
987.5872 	EXP 	window1: mouseVisible = True
987.8644 	EXP 	window1: mouseVisible = True
988.0257 	EXP 	window1: mouseVisible = True
988.1032 	EXP 	window1: mouseVisible = True
988.2746 	EXP 	window1: mouseVisible = True
988.4450 	EXP 	window1: mouseVisible = True
988.6299 	EXP 	window1: mouseVisible = True
988.9215 	EXP 	window1: mouseVisible = True
988.9985 	EXP 	window1: mouseVisible = True
989.2378 	EXP 	window1: mouseVisible = True
989.3505 	EXP 	window1: mouseVisible = True
989.3958 	EXP 	Created unnamed ImageStim = ImageStim(__class__=<class 'psychopy.visual.image.ImageStim'>, anchor=('center', 'center'), autoLog=True, color=array([1., 1., 1.]), colorSpace='rgb', contrast=1.0, depth=0, draggable=False, flipHoriz=False, flipVert=False, image=str(...), interpolate=False, mask=None, maskParams=None, name='unnamed ImageStim', opacity=1.0, ori=0.0, pos=array([0., 0.]), size=array([768., 768.]), texRes=128, units='pix', win=Window(...))
989.3961 	EXP 	window1: mouseVisible = True
989.4257 	EXP 	Created unnamed ImageStim = ImageStim(__class__=<class 'psychopy.visual.image.ImageStim'>, anchor=('center', 'center'), autoLog=True, color=array([1., 1., 1.]), colorSpace='rgb', contrast=1.0, depth=0, draggable=False, flipHoriz=False, flipVert=False, image=str(...), interpolate=False, mask=None, maskParams=None, name='unnamed ImageStim', opacity=1.0, ori=0.0, pos=array([0., 0.]), size=array([768., 768.]), texRes=128, units='pix', win=Window(...))
989.4262 	EXP 	window1: mouseVisible = True
989.4657 	EXP 	Created unnamed ImageStim = ImageStim(__class__=<class 'psychopy.visual.image.ImageStim'>, anchor=('center', 'center'), autoLog=True, color=array([1., 1., 1.]), colorSpace='rgb', contrast=1.0, depth=0, draggable=False, flipHoriz=False, flipVert=False, image=str(...), interpolate=False, mask=None, maskParams=None, name='unnamed ImageStim', opacity=1.0, ori=0.0, pos=array([0., 0.]), size=array([768., 768.]), texRes=128, units='pix', win=Window(...))
989.4662 	EXP 	window1: mouseVisible = True
989.4937 	EXP 	Created unnamed ImageStim = ImageStim(__class__=<class 'psychopy.visual.image.ImageStim'>, anchor=('center', 'center'), autoLog=True, color=array([1., 1., 1.]), colorSpace='rgb', contrast=1.0, depth=0, draggable=False, flipHoriz=False, flipVert=False, image=str(...), interpolate=False, mask=None, maskParams=None, name='unnamed ImageStim', opacity=1.0, ori=0.0, pos=array([0., 0.]), size=array([768., 768.]), texRes=128, units='pix', win=Window(...))
989.4939 	EXP 	window1: mouseVisible = True
989.5378 	EXP 	Created unnamed ImageStim = ImageStim(__class__=<class 'psychopy.visual.image.ImageStim'>, anchor=('center', 'center'), autoLog=True, color=array([1., 1., 1.]), colorSpace='rgb', contrast=1.0, depth=0, draggable=False, flipHoriz=False, flipVert=False, image=str(...), interpolate=False, mask=None, maskParams=None, name='unnamed ImageStim', opacity=1.0, ori=0.0, pos=array([0., 0.]), size=array([768., 768.]), texRes=128, units='pix', win=Window(...))
989.5382 	EXP 	window1: mouseVisible = True
989.5822 	EXP 	Created unnamed ImageStim = ImageStim(__class__=<class 'psychopy.visual.image.ImageStim'>, anchor=('center', 'center'), autoLog=True, color=array([1., 1., 1.]), colorSpace='rgb', contrast=1.0, depth=0, draggable=False, flipHoriz=False, flipVert=False, image=str(...), interpolate=False, mask=None, maskParams=None, name='unnamed ImageStim', opacity=1.0, ori=0.0, pos=array([0., 0.]), size=array([768., 768.]), texRes=128, units='pix', win=Window(...))
989.5825 	EXP 	window1: mouseVisible = True
989.6309 	EXP 	Created unnamed ImageStim = ImageStim(__class__=<class 'psychopy.visual.image.ImageStim'>, anchor=('center', 'center'), autoLog=True, color=array([1., 1., 1.]), colorSpace='rgb', contrast=1.0, depth=0, draggable=False, flipHoriz=False, flipVert=False, image=str(...), interpolate=False, mask=None, maskParams=None, name='unnamed ImageStim', opacity=1.0, ori=0.0, pos=array([0., 0.]), size=array([768., 768.]), texRes=128, units='pix', win=Window(...))
989.6313 	EXP 	window1: mouseVisible = True
989.6595 	EXP 	Created unnamed ImageStim = ImageStim(__class__=<class 'psychopy.visual.image.ImageStim'>, anchor=('center', 'center'), autoLog=True, color=array([1., 1., 1.]), colorSpace='rgb', contrast=1.0, depth=0, draggable=False, flipHoriz=False, flipVert=False, image=str(...), interpolate=False, mask=None, maskParams=None, name='unnamed ImageStim', opacity=1.0, ori=0.0, pos=array([0., 0.]), size=array([768., 768.]), texRes=128, units='pix', win=Window(...))
989.6597 	EXP 	window1: mouseVisible = True
989.7114 	EXP 	Created unnamed ImageStim = ImageStim(__class__=<class 'psychopy.visual.image.ImageStim'>, anchor=('center', 'center'), autoLog=True, color=array([1., 1., 1.]), colorSpace='rgb', contrast=1.0, depth=0, draggable=False, flipHoriz=False, flipVert=False, image=str(...), interpolate=False, mask=None, maskParams=None, name='unnamed ImageStim', opacity=1.0, ori=0.0, pos=array([0., 0.]), size=array([768., 768.]), texRes=128, units='pix', win=Window(...))
989.7549 	EXP 	unnamed MovieStim: autoLog = True
989.7549 	EXP 	unnamed MovieStim: autoLog = True
989.7549 	EXP 	unnamed MovieStim: autoLog = True
989.7549 	EXP 	unnamed MovieStim: autoLog = True
989.7549 	EXP 	unnamed MovieStim: autoLog = True
989.7549 	EXP 	unnamed MovieStim: autoLog = True
989.7549 	EXP 	unnamed MovieStim: autoLog = True
989.7549 	EXP 	unnamed MovieStim: autoLog = True
989.7549 	EXP 	unnamed MovieStim: autoLog = True
989.7549 	EXP 	unnamed MovieStim: autoLog = True
989.7549 	EXP 	unnamed MovieStim: autoLog = True
989.7549 	EXP 	unnamed MovieStim: autoLog = True
989.7549 	EXP 	unnamed MovieStim: autoLog = True
989.7549 	EXP 	unnamed MovieStim: autoLog = True
989.7549 	EXP 	unnamed MovieStim: autoLog = True
989.7549 	EXP 	unnamed MovieStim: autoLog = True
989.7549 	EXP 	unnamed MovieStim: autoLog = True
989.7549 	EXP 	unnamed MovieStim: autoLog = True
989.7549 	EXP 	unnamed MovieStim: autoLog = True
989.7549 	EXP 	unnamed MovieStim: autoLog = True
989.7549 	EXP 	unnamed MovieStim: autoLog = True
989.7549 	EXP 	unnamed MovieStim: autoLog = True
989.7549 	EXP 	unnamed MovieStim: autoLog = True
989.7549 	EXP 	unnamed MovieStim: autoLog = True
989.7549 	EXP 	unnamed MovieStim: autoLog = True
989.7549 	EXP 	unnamed MovieStim: autoLog = True
989.7549 	EXP 	unnamed MovieStim: autoLog = True
989.7549 	EXP 	unnamed MovieStim: autoLog = True
989.7549 	EXP 	unnamed MovieStim: autoLog = True
989.7549 	EXP 	unnamed MovieStim: autoLog = True
989.7549 	EXP 	unnamed MovieStim: autoLog = True
989.7549 	EXP 	unnamed MovieStim: autoLog = True
989.7549 	EXP 	unnamed MovieStim: autoLog = True
989.7549 	EXP 	unnamed MovieStim: autoLog = True
989.7549 	EXP 	unnamed MovieStim: autoLog = True
989.7549 	EXP 	unnamed MovieStim: autoLog = True
989.7549 	EXP 	unnamed MovieStim: autoLog = True
989.7549 	EXP 	unnamed MovieStim: autoLog = True
989.7549 	EXP 	unnamed MovieStim: autoLog = True
989.7549 	EXP 	unnamed MovieStim: autoLog = True
989.7549 	EXP 	unnamed MovieStim: autoLog = True
989.7549 	EXP 	unnamed MovieStim: autoLog = True
989.7549 	EXP 	unnamed MovieStim: autoLog = True
989.7549 	EXP 	unnamed MovieStim: autoLog = True
989.7549 	EXP 	unnamed MovieStim: autoLog = True
989.7549 	EXP 	unnamed MovieStim: autoLog = True
989.7549 	EXP 	unnamed MovieStim: autoLog = True
989.7549 	EXP 	unnamed MovieStim: autoLog = True
989.7549 	EXP 	unnamed MovieStim: autoLog = True
989.7549 	EXP 	unnamed MovieStim: autoLog = True
989.7549 	EXP 	unnamed MovieStim: autoLog = True
989.7549 	EXP 	unnamed MovieStim: autoLog = True
989.7549 	EXP 	unnamed MovieStim: autoLog = True
989.7549 	EXP 	unnamed MovieStim: autoLog = True
989.7549 	EXP 	unnamed MovieStim: autoLog = True
989.7549 	EXP 	unnamed MovieStim: autoLog = True
989.7549 	EXP 	unnamed MovieStim: autoLog = True
989.7549 	EXP 	unnamed MovieStim: autoLog = True
989.7549 	EXP 	unnamed MovieStim: autoLog = True
989.7549 	EXP 	unnamed MovieStim: autoLog = True
989.7549 	EXP 	unnamed MovieStim: autoLog = True
989.7549 	EXP 	unnamed MovieStim: autoLog = True
989.7549 	EXP 	waiting_for_trigger_text: autoDraw = True
1105.9965 	EXP 	waiting_for_trigger_text: autoDraw = False
1105.9965 	EXP 	countdown: autoDraw = True
1105.9965 	EXP 	countdown: height = 0.1
1105.9965 	EXP 	countdown: height = 0.1
1105.9965 	EXP 	countdown: height = 0.1
1105.9965 	EXP 	countdown: text = ''
1112.0634 	EXP 	countdown: autoDraw = False
1112.0634 	EXP 	unnamed MovieStim: autoDraw = True
1116.1484 	EXP 	unnamed MovieStim: autoDraw = False
1116.1484 	EXP 	unnamed MovieStim: autoDraw = True
1120.1704 	EXP 	unnamed MovieStim: autoDraw = False
1120.1704 	EXP 	unnamed MovieStim: autoDraw = True
1124.1711 	EXP 	unnamed MovieStim: autoDraw = False
1124.1711 	EXP 	unnamed MovieStim: autoDraw = True
1128.1814 	EXP 	unnamed MovieStim: autoDraw = False
1128.1814 	EXP 	unnamed MovieStim: autoDraw = True
1132.1640 	EXP 	unnamed MovieStim: autoDraw = False
1132.1640 	EXP 	unnamed MovieStim: autoDraw = True
1133.3169 	EXP 	window1: mouseVisible = True
